4564 new, cmd=read, data=0 at time 0 s in top.initiator0
64 Execute READ, data = ffffff9c in top.target4
64 check, cmd=read, data=ffffff9c at time 0 s in top.initiator0
5cfc new, cmd=read, data=0 at time 0 s in top.initiator1
7ccc new, cmd=read, data=0 at time 0 s in top.initiator2
1ef8 new, cmd=write, data=1ef8 at time 0 s in top.initiator3
cc Execute READ, data = ffffff34 in top.target4
cc check, cmd=read, data=ffffff34 at time 0 s in top.initiator2
e9e8 new, cmd=write, data=e9e8 at time 641 ps in top.initiator3
e8 Execute WRITE, data = e9e8 in top.target3
f8 Execute WRITE, data = 1ef8 in top.target0
e8 check, cmd=write, data=e9e8 at time 6397 ps in top.initiator3
f92c new, cmd=write, data=f92c at time 6397 ps in top.initiator3
f8 check, cmd=write, data=1ef8 at time 6397 ps in top.initiator3
ba30 new, cmd=read, data=0 at time 7290 ps in top.initiator2
fc Execute READ, data = ffffff04 in top.target2
a314 new, cmd=read, data=0 at time 8043 ps in top.initiator0
14 Execute READ, data = ffffffec in top.target3
30 Execute READ, data = ffffffd0 in top.target1
30 check, cmd=read, data=ffffffd0 at time 8286 ps in top.initiator2
fc check, cmd=read, data=ffffff04 at time 8878 ps in top.initiator1
c230 new, cmd=write, data=c230 at time 8878 ps in top.initiator1
2454 new, cmd=write, data=2454 at time 11180 ps in top.initiator2
8ddc new, cmd=write, data=8ddc at time 16993 ps in top.initiator2
c240 new, cmd=write, data=c240 at time 17460 ps in top.initiator2
14 check, cmd=read, data=ffffffec at time 17960 ps in top.initiator0
bda8 new, cmd=read, data=0 at time 17960 ps in top.initiator0
dc Execute WRITE, data = 8ddc in top.target1
dc check, cmd=write, data=8ddc at time 18433 ps in top.initiator2
54 Execute WRITE, data = 2454 in top.target1
54 check, cmd=write, data=2454 at time 25840 ps in top.initiator2
